{"C:\\Users\\tsuba\\OneDrive\\My_ProgramFiles\\docker\\pi-coding-agent\\work\\backend\\src\\middleware\\auth.ts": {"path":"C:\\Users\\tsuba\\OneDrive\\My_ProgramFiles\\docker\\pi-coding-agent\\work\\backend\\src\\middleware\\auth.ts","statementMap":{"0":{"start":{"line":35,"column":0},"end":{"line":35,"column":16}},"1":{"start":{"line":2,"column":0},"end":{"line":2,"column":61}},"2":{"start":{"line":3,"column":0},"end":{"line":3,"column":31}},"3":{"start":{"line":5,"column":17},"end":{"line":5,"column":56}},"4":{"start":{"line":6,"column":17},"end":{"line":6,"column":50}},"5":{"start":{"line":8,"column":19},"end":{"line":13,"column":2}},"6":{"start":{"line":15,"column":22},"end":{"line":22,"column":2}},"7":{"start":{"line":24,"column":30},"end":{"line":29,"column":1}},"8":{"start":{"line":25,"column":2},"end":{"line":27,"column":3}},"9":{"start":{"line":26,"column":4},"end":{"line":26,"column":18}},"10":{"start":{"line":28,"column":2},"end":{"line":28,"column":39}},"11":{"start":{"line":24,"column":13},"end":{"line":24,"column":30}},"12":{"start":{"line":36,"column":2},"end":{"line":40,"column":3}},"13":{"start":{"line":37,"column":4},"end":{"line":37,"column":28}},"14":{"start":{"line":38,"column":4},"end":{"line":38,"column":11}},"15":{"start":{"line":39,"column":4},"end":{"line":39,"column":11}},"16":{"start":{"line":42,"column":15},"end":{"line":42,"column":23}},"17":{"start":{"line":43,"column":2},"end":{"line":46,"column":3}},"18":{"start":{"line":44,"column":4},"end":{"line":44,"column":79}},"19":{"start":{"line":45,"column":4},"end":{"line":45,"column":11}},"20":{"start":{"line":48,"column":2},"end":{"line":48,"column":24}},"21":{"start":{"line":49,"column":2},"end":{"line":49,"column":9}}},"fnMap":{"0":{"name":"(anonymous_1)","decl":{"start":{"line":24,"column":30},"end":{"line":24,"column":31}},"loc":{"start":{"line":24,"column":82},"end":{"line":29,"column":1}}},"1":{"name":"extractUserId","decl":{"start":{"line":35,"column":16},"end":{"line":35,"column":29}},"loc":{"start":{"line":35,"column":81},"end":{"line":50,"column":1}}}},"branchMap":{"0":{"loc":{"start":{"line":5,"column":17},"end":{"line":5,"column":56}},"type":"binary-expr","locations":[{"start":{"line":5,"column":17},"end":{"line":5,"column":44}},{"start":{"line":5,"column":48},"end":{"line":5,"column":56}}]},"1":{"loc":{"start":{"line":6,"column":17},"end":{"line":6,"column":50}},"type":"binary-expr","locations":[{"start":{"line":6,"column":17},"end":{"line":6,"column":44}},{"start":{"line":6,"column":48},"end":{"line":6,"column":50}}]},"2":{"loc":{"start":{"line":25,"column":2},"end":{"line":27,"column":3}},"type":"if","locations":[{"start":{"line":25,"column":2},"end":{"line":27,"column":3}}]},"3":{"loc":{"start":{"line":36,"column":2},"end":{"line":40,"column":3}},"type":"if","locations":[{"start":{"line":36,"column":2},"end":{"line":40,"column":3}}]},"4":{"loc":{"start":{"line":43,"column":2},"end":{"line":46,"column":3}},"type":"if","locations":[{"start":{"line":43,"column":2},"end":{"line":46,"column":3}}]}},"s":{"0":3,"1":3,"2":3,"3":3,"4":3,"5":3,"6":3,"7":3,"8":2,"9":1,"10":1,"11":3,"12":1,"13":1,"14":1,"15":1,"16":0,"17":0,"18":0,"19":0,"20":0,"21":0},"f":{"0":2,"1":1},"b":{"0":[3,0],"1":[3,0],"2":[1],"3":[1],"4":[0]}}
,"C:\\Users\\tsuba\\OneDrive\\My_ProgramFiles\\docker\\pi-coding-agent\\work\\backend\\src\\middleware\\errorHandler.ts": {"path":"C:\\Users\\tsuba\\OneDrive\\My_ProgramFiles\\docker\\pi-coding-agent\\work\\backend\\src\\middleware\\errorHandler.ts","statementMap":{"0":{"start":{"line":14,"column":0},"end":{"line":14,"column":16}},"1":{"start":{"line":2,"column":0},"end":{"line":2,"column":48}},"2":{"start":{"line":9,"column":4},"end":{"line":9,"column":19}},"3":{"start":{"line":6,"column":11},"end":{"line":6,"column":29}},"4":{"start":{"line":10,"column":4},"end":{"line":10,"column":27}},"5":{"start":{"line":4,"column":0},"end":{"line":4,"column":13}},"6":{"start":{"line":20,"column":2},"end":{"line":20,"column":53}},"7":{"start":{"line":22,"column":2},"end":{"line":27,"column":3}},"8":{"start":{"line":23,"column":4},"end":{"line":25,"column":7}},"9":{"start":{"line":26,"column":4},"end":{"line":26,"column":11}},"10":{"start":{"line":29,"column":2},"end":{"line":34,"column":3}},"11":{"start":{"line":30,"column":4},"end":{"line":32,"column":7}},"12":{"start":{"line":33,"column":4},"end":{"line":33,"column":11}},"13":{"start":{"line":36,"column":2},"end":{"line":38,"column":5}}},"fnMap":{"0":{"name":"(anonymous_0)","decl":{"start":{"line":5,"column":2},"end":{"line":5,"column":null}},"loc":{"start":{"line":7,"column":19},"end":{"line":11,"column":3}}},"1":{"name":"errorHandler","decl":{"start":{"line":14,"column":16},"end":{"line":14,"column":28}},"loc":{"start":{"line":18,"column":21},"end":{"line":39,"column":1}}}},"branchMap":{"0":{"loc":{"start":{"line":22,"column":2},"end":{"line":27,"column":3}},"type":"if","locations":[{"start":{"line":22,"column":2},"end":{"line":27,"column":3}}]},"1":{"loc":{"start":{"line":29,"column":2},"end":{"line":34,"column":3}},"type":"if","locations":[{"start":{"line":29,"column":2},"end":{"line":34,"column":3}}]}},"s":{"0":1,"1":1,"2":1,"3":1,"4":1,"5":1,"6":2,"7":2,"8":0,"9":0,"10":2,"11":1,"12":1,"13":1},"f":{"0":1,"1":2},"b":{"0":[0],"1":[1]}}
,"C:\\Users\\tsuba\\OneDrive\\My_ProgramFiles\\docker\\pi-coding-agent\\work\\backend\\src\\services\\opencodeGo.ts": {"path":"C:\\Users\\tsuba\\OneDrive\\My_ProgramFiles\\docker\\pi-coding-agent\\work\\backend\\src\\services\\opencodeGo.ts","statementMap":{"0":{"start":{"line":24,"column":0},"end":{"line":24,"column":7}},"1":{"start":{"line":51,"column":0},"end":{"line":51,"column":7}},"2":{"start":{"line":139,"column":0},"end":{"line":139,"column":16}},"3":{"start":{"line":3,"column":17},"end":{"line":3,"column":48}},"4":{"start":{"line":17,"column":14},"end":{"line":17,"column":45}},"5":{"start":{"line":18,"column":2},"end":{"line":20,"column":3}},"6":{"start":{"line":19,"column":4},"end":{"line":19,"column":61}},"7":{"start":{"line":21,"column":2},"end":{"line":21,"column":13}},"8":{"start":{"line":25,"column":2},"end":{"line":42,"column":3}},"9":{"start":{"line":26,"column":19},"end":{"line":26,"column":36}},"10":{"start":{"line":27,"column":21},"end":{"line":38,"column":6}},"11":{"start":{"line":39,"column":4},"end":{"line":39,"column":23}},"12":{"start":{"line":41,"column":4},"end":{"line":41,"column":17}},"13":{"start":{"line":47,"column":2},"end":{"line":47,"column":43}},"14":{"start":{"line":47,"column":34},"end":{"line":47,"column":43}},"15":{"start":{"line":48,"column":2},"end":{"line":48,"column":13}},"16":{"start":{"line":55,"column":17},"end":{"line":55,"column":34}},"17":{"start":{"line":56,"column":16},"end":{"line":56,"column":77}},"18":{"start":{"line":58,"column":19},"end":{"line":71,"column":4}},"19":{"start":{"line":73,"column":2},"end":{"line":76,"column":3}},"20":{"start":{"line":74,"column":22},"end":{"line":74,"column":72}},"21":{"start":{"line":74,"column":56},"end":{"line":74,"column":71}},"22":{"start":{"line":75,"column":4},"end":{"line":75,"column":80}},"23":{"start":{"line":78,"column":17},"end":{"line":78,"column":43}},"24":{"start":{"line":79,"column":2},"end":{"line":81,"column":3}},"25":{"start":{"line":80,"column":4},"end":{"line":80,"column":53}},"26":{"start":{"line":83,"column":18},"end":{"line":83,"column":35}},"27":{"start":{"line":84,"column":15},"end":{"line":84,"column":17}},"28":{"start":{"line":86,"column":2},"end":{"line":111,"column":3}},"29":{"start":{"line":87,"column":4},"end":{"line":108,"column":5}},"30":{"start":{"line":88,"column":30},"end":{"line":88,"column":49}},"31":{"start":{"line":89,"column":6},"end":{"line":98,"column":7}},"32":{"start":{"line":91,"column":22},"end":{"line":91,"column":64}},"33":{"start":{"line":91,"column":55},"end":{"line":91,"column":63}},"34":{"start":{"line":92,"column":8},"end":{"line":95,"column":9}},"35":{"start":{"line":93,"column":24},"end":{"line":93,"column":42}},"36":{"start":{"line":94,"column":10},"end":{"line":94,"column":33}},"37":{"start":{"line":94,"column":21},"end":{"line":94,"column":33}},"38":{"start":{"line":96,"column":8},"end":{"line":96,"column":42}},"39":{"start":{"line":97,"column":8},"end":{"line":97,"column":14}},"40":{"start":{"line":100,"column":6},"end":{"line":100,"column":56}},"41":{"start":{"line":101,"column":20},"end":{"line":101,"column":38}},"42":{"start":{"line":102,"column":6},"end":{"line":102,"column":33}},"43":{"start":{"line":104,"column":6},"end":{"line":107,"column":7}},"44":{"start":{"line":105,"column":22},"end":{"line":105,"column":40}},"45":{"start":{"line":106,"column":8},"end":{"line":106,"column":31}},"46":{"start":{"line":106,"column":19},"end":{"line":106,"column":31}},"47":{"start":{"line":110,"column":4},"end":{"line":110,"column":25}},"48":{"start":{"line":115,"column":18},"end":{"line":115,"column":29}},"49":{"start":{"line":116,"column":2},"end":{"line":118,"column":3}},"50":{"start":{"line":117,"column":4},"end":{"line":117,"column":16}},"51":{"start":{"line":120,"column":2},"end":{"line":122,"column":3}},"52":{"start":{"line":121,"column":4},"end":{"line":121,"column":16}},"53":{"start":{"line":124,"column":2},"end":{"line":132,"column":3}},"54":{"start":{"line":125,"column":17},"end":{"line":125,"column":45}},"55":{"start":{"line":126,"column":18},"end":{"line":126,"column":42}},"56":{"start":{"line":128,"column":20},"end":{"line":128,"column":88}},"57":{"start":{"line":129,"column":4},"end":{"line":129,"column":36}},"58":{"start":{"line":131,"column":4},"end":{"line":131,"column":16}},"59":{"start":{"line":140,"column":2},"end":{"line":148,"column":6}},"60":{"start":{"line":140,"column":30},"end":{"line":148,"column":4}}},"fnMap":{"0":{"name":"getApiKey","decl":{"start":{"line":16,"column":15},"end":{"line":16,"column":24}},"loc":{"start":{"line":16,"column":24},"end":{"line":22,"column":1}}},"1":{"name":"healthCheck","decl":{"start":{"line":24,"column":22},"end":{"line":24,"column":33}},"loc":{"start":{"line":24,"column":33},"end":{"line":43,"column":1}}},"2":{"name":"getDefaultTemperature","decl":{"start":{"line":45,"column":9},"end":{"line":45,"column":30}},"loc":{"start":{"line":45,"column":44},"end":{"line":49,"column":1}}},"3":{"name":"streamChat","decl":{"start":{"line":51,"column":23},"end":{"line":51,"column":33}},"loc":{"start":{"line":53,"column":33},"end":{"line":112,"column":1}}},"4":{"name":"(anonymous_4)","decl":{"start":{"line":74,"column":50},"end":{"line":74,"column":53}},"loc":{"start":{"line":74,"column":56},"end":{"line":74,"column":71}}},"5":{"name":"(anonymous_5)","decl":{"start":{"line":91,"column":48},"end":{"line":91,"column":49}},"loc":{"start":{"line":91,"column":55},"end":{"line":91,"column":63}}},"6":{"name":"parseSSELine","decl":{"start":{"line":114,"column":9},"end":{"line":114,"column":21}},"loc":{"start":{"line":114,"column":34},"end":{"line":133,"column":1}}},"7":{"name":"formatMessagesForApi","decl":{"start":{"line":139,"column":16},"end":{"line":139,"column":36}},"loc":{"start":{"line":139,"column":56},"end":{"line":149,"column":1}}},"8":{"name":"(anonymous_8)","decl":{"start":{"line":140,"column":22},"end":{"line":140,"column":23}},"loc":{"start":{"line":140,"column":30},"end":{"line":148,"column":4}}}},"branchMap":{"0":{"loc":{"start":{"line":18,"column":2},"end":{"line":20,"column":3}},"type":"if","locations":[{"start":{"line":18,"column":2},"end":{"line":20,"column":3}}]},"1":{"loc":{"start":{"line":34,"column":15},"end":{"line":34,"column":59}},"type":"binary-expr","locations":[{"start":{"line":34,"column":15},"end":{"line":34,"column":44}},{"start":{"line":34,"column":48},"end":{"line":34,"column":59}}]},"2":{"loc":{"start":{"line":47,"column":2},"end":{"line":47,"column":43}},"type":"if","locations":[{"start":{"line":47,"column":2},"end":{"line":47,"column":43}}]},"3":{"loc":{"start":{"line":53,"column":2},"end":{"line":53,"column":33}},"type":"default-arg","locations":[{"start":{"line":53,"column":31},"end":{"line":53,"column":33}}]},"4":{"loc":{"start":{"line":56,"column":16},"end":{"line":56,"column":77}},"type":"binary-expr","locations":[{"start":{"line":56,"column":16},"end":{"line":56,"column":29}},{"start":{"line":56,"column":33},"end":{"line":56,"column":62}},{"start":{"line":56,"column":66},"end":{"line":56,"column":77}}]},"5":{"loc":{"start":{"line":68,"column":19},"end":{"line":68,"column":70}},"type":"binary-expr","locations":[{"start":{"line":68,"column":19},"end":{"line":68,"column":38}},{"start":{"line":68,"column":42},"end":{"line":68,"column":70}}]},"6":{"loc":{"start":{"line":69,"column":18},"end":{"line":69,"column":43}},"type":"binary-expr","locations":[{"start":{"line":69,"column":18},"end":{"line":69,"column":35}},{"start":{"line":69,"column":39},"end":{"line":69,"column":43}}]},"7":{"loc":{"start":{"line":73,"column":2},"end":{"line":76,"column":3}},"type":"if","locations":[{"start":{"line":73,"column":2},"end":{"line":76,"column":3}}]},"8":{"loc":{"start":{"line":79,"column":2},"end":{"line":81,"column":3}},"type":"if","locations":[{"start":{"line":79,"column":2},"end":{"line":81,"column":3}}]},"9":{"loc":{"start":{"line":89,"column":6},"end":{"line":98,"column":7}},"type":"if","locations":[{"start":{"line":89,"column":6},"end":{"line":98,"column":7}}]},"10":{"loc":{"start":{"line":94,"column":10},"end":{"line":94,"column":33}},"type":"if","locations":[{"start":{"line":94,"column":10},"end":{"line":94,"column":33}}]},"11":{"loc":{"start":{"line":102,"column":15},"end":{"line":102,"column":32}},"type":"binary-expr","locations":[{"start":{"line":102,"column":15},"end":{"line":102,"column":26}},{"start":{"line":102,"column":30},"end":{"line":102,"column":32}}]},"12":{"loc":{"start":{"line":106,"column":8},"end":{"line":106,"column":31}},"type":"if","locations":[{"start":{"line":106,"column":8},"end":{"line":106,"column":31}}]},"13":{"loc":{"start":{"line":116,"column":2},"end":{"line":118,"column":3}},"type":"if","locations":[{"start":{"line":116,"column":2},"end":{"line":118,"column":3}}]},"14":{"loc":{"start":{"line":116,"column":6},"end":{"line":116,"column":44}},"type":"binary-expr","locations":[{"start":{"line":116,"column":6},"end":{"line":116,"column":14}},{"start":{"line":116,"column":18},"end":{"line":116,"column":44}}]},"15":{"loc":{"start":{"line":120,"column":2},"end":{"line":122,"column":3}},"type":"if","locations":[{"start":{"line":120,"column":2},"end":{"line":122,"column":3}}]},"16":{"loc":{"start":{"line":128,"column":20},"end":{"line":128,"column":88}},"type":"binary-expr","locations":[{"start":{"line":128,"column":20},"end":{"line":128,"column":34}},{"start":{"line":128,"column":38},"end":{"line":128,"column":62}},{"start":{"line":128,"column":66},"end":{"line":128,"column":82}},{"start":{"line":128,"column":86},"end":{"line":128,"column":88}}]},"17":{"loc":{"start":{"line":142,"column":13},"end":{"line":147,"column":17}},"type":"cond-expr","locations":[{"start":{"line":143,"column":8},"end":{"line":146,"column":null}},{"start":{"line":147,"column":8},"end":{"line":147,"column":17}}]}},"s":{"0":2,"1":2,"2":2,"3":2,"4":4,"5":4,"6":1,"7":3,"8":4,"9":4,"10":3,"11":2,"12":2,"13":0,"14":0,"15":0,"16":0,"17":0,"18":0,"19":0,"20":0,"21":0,"22":0,"23":0,"24":0,"25":0,"26":0,"27":0,"28":0,"29":0,"30":0,"31":0,"32":0,"33":0,"34":0,"35":0,"36":0,"37":0,"38":0,"39":0,"40":0,"41":0,"42":0,"43":0,"44":0,"45":0,"46":0,"47":0,"48":0,"49":0,"50":0,"51":0,"52":0,"53":0,"54":0,"55":0,"56":0,"57":0,"58":0,"59":5,"60":6},"f":{"0":4,"1":4,"2":0,"3":0,"4":0,"5":0,"6":0,"7":5,"8":6},"b":{"0":[1],"1":[3,3],"2":[0],"3":[0],"4":[0,0,0],"5":[0,0],"6":[0,0],"7":[0],"8":[0],"9":[0],"10":[0],"11":[0,0],"12":[0],"13":[0],"14":[0,0],"15":[0],"16":[0,0,0,0],"17":[2,4]}}
}
