TN:
SF:src\middleware\auth.ts
FN:24,(anonymous_1)
FN:35,extractUserId
FNF:2
FNH:2
FNDA:2,(anonymous_1)
FNDA:1,extractUserId
DA:2,3
DA:3,3
DA:5,3
DA:6,3
DA:8,3
DA:15,3
DA:24,3
DA:25,2
DA:26,1
DA:28,1
DA:35,3
DA:36,1
DA:37,1
DA:38,1
DA:39,1
DA:42,0
DA:43,0
DA:44,0
DA:45,0
DA:48,0
DA:49,0
LF:21
LH:15
BRDA:5,0,0,3
BRDA:5,0,1,0
BRDA:6,1,0,3
BRDA:6,1,1,0
BRDA:25,2,0,1
BRDA:36,3,0,1
BRDA:43,4,0,0
BRF:7
BRH:4
end_of_record
TN:
SF:src\middleware\errorHandler.ts
FN:5,(anonymous_0)
FN:14,errorHandler
FNF:2
FNH:2
FNDA:1,(anonymous_0)
FNDA:2,errorHandler
DA:2,1
DA:4,1
DA:6,1
DA:9,1
DA:10,1
DA:14,1
DA:20,2
DA:22,2
DA:23,0
DA:26,0
DA:29,2
DA:30,1
DA:33,1
DA:36,1
LF:14
LH:12
BRDA:22,0,0,0
BRDA:29,1,0,1
BRF:2
BRH:1
end_of_record
TN:
SF:src\services\opencodeGo.ts
FN:16,getApiKey
FN:24,healthCheck
FN:45,getDefaultTemperature
FN:51,streamChat
FN:74,(anonymous_4)
FN:91,(anonymous_5)
FN:114,parseSSELine
FN:139,formatMessagesForApi
FN:140,(anonymous_8)
FNF:9
FNH:4
FNDA:4,getApiKey
FNDA:4,healthCheck
FNDA:0,getDefaultTemperature
FNDA:0,streamChat
FNDA:0,(anonymous_4)
FNDA:0,(anonymous_5)
FNDA:0,parseSSELine
FNDA:5,formatMessagesForApi
FNDA:6,(anonymous_8)
DA:3,2
DA:17,4
DA:18,4
DA:19,1
DA:21,3
DA:24,2
DA:25,4
DA:26,4
DA:27,3
DA:39,2
DA:41,2
DA:47,0
DA:48,0
DA:51,2
DA:55,0
DA:56,0
DA:58,0
DA:73,0
DA:74,0
DA:75,0
DA:78,0
DA:79,0
DA:80,0
DA:83,0
DA:84,0
DA:86,0
DA:87,0
DA:88,0
DA:89,0
DA:91,0
DA:92,0
DA:93,0
DA:94,0
DA:96,0
DA:97,0
DA:100,0
DA:101,0
DA:102,0
DA:104,0
DA:105,0
DA:106,0
DA:110,0
DA:115,0
DA:116,0
DA:117,0
DA:120,0
DA:121,0
DA:124,0
DA:125,0
DA:126,0
DA:128,0
DA:129,0
DA:131,0
DA:139,2
DA:140,6
LF:55
LH:14
BRDA:18,0,0,1
BRDA:34,1,0,3
BRDA:34,1,1,3
BRDA:47,2,0,0
BRDA:53,3,0,0
BRDA:56,4,0,0
BRDA:56,4,1,0
BRDA:56,4,2,0
BRDA:68,5,0,0
BRDA:68,5,1,0
BRDA:69,6,0,0
BRDA:69,6,1,0
BRDA:73,7,0,0
BRDA:79,8,0,0
BRDA:89,9,0,0
BRDA:94,10,0,0
BRDA:102,11,0,0
BRDA:102,11,1,0
BRDA:106,12,0,0
BRDA:116,13,0,0
BRDA:116,14,0,0
BRDA:116,14,1,0
BRDA:120,15,0,0
BRDA:128,16,0,0
BRDA:128,16,1,0
BRDA:128,16,2,0
BRDA:128,16,3,0
BRDA:142,17,0,2
BRDA:142,17,1,4
BRF:29
BRH:5
end_of_record
